<?xml version="1.0" encoding="UTF-8"?>
<!-- Generated by org.testng.reporters.JUnitReportReporter -->
<testsuite skipped="0" hostname="LAPTOP-N9E2OLO2" name="com.exlhealthcare.qa.testcases.GoogleMapsSearch" tests="1" failures="0" timestamp="03 Nov 2019 09:05:00 GMT" time="32.353" errors="0">
  <testcase name="searchGoogleMaps" time="32.353" classname="com.exlhealthcare.qa.testcases.GoogleMapsSearch"/>
</testsuite> <!-- com.exlhealthcare.qa.testcases.GoogleMapsSearch -->
