<?xml version="1.0" encoding="UTF-8"?>
<!-- Generated by org.testng.reporters.JUnitReportReporter -->
<testsuite skipped="0" hostname="LAPTOP-N9E2OLO2" name="com.exlhealthcare.qa.testcases.GoogleMapsSearch" tests="1" failures="0" timestamp="30 Oct 2019 19:19:39 GMT" time="29.994" errors="0">
  <testcase name="searchGoogleMaps" time="29.994" classname="com.exlhealthcare.qa.testcases.GoogleMapsSearch"/>
</testsuite> <!-- com.exlhealthcare.qa.testcases.GoogleMapsSearch -->
